The Book Android/app/build/intermediates/manifest_merge_blame_file/debug/manifest-merger-blame-debug-report.txt
1<?xml version="1.0" encoding="utf-8"?>
2<manifest xmlns:android="http://schemas.android.com/apk/res/android"
3    package="com.book.reading"
4    android:versionCode="1"
5    android:versionName="1.0.1" >
6
7    <uses-sdk
8        android:minSdkVersion="16"
8-->src\main\AndroidManifest.xml
9        android:targetSdkVersion="28" />
9-->src\main\AndroidManifest.xml
10
11    <uses-permission android:name="android.permission.WAKE_LOCK" />
11-->src\main\AndroidManifest.xml:6:5-68
11-->src\main\AndroidManifest.xml:6:22-65
12    <uses-permission android:name="android.permission.INTERNET" />
12-->src\main\AndroidManifest.xml:7:5-67
12-->src\main\AndroidManifest.xml:7:22-64
13    <uses-permission android:name="android.permission.ACCESS_NETWORK_STATE" />
13-->src\main\AndroidManifest.xml:8:5-79
13-->src\main\AndroidManifest.xml:8:22-76
14    <uses-permission android:name="android.permission.ACCESS_WIFI_STATE" />
14-->src\main\AndroidManifest.xml:9:5-76
14-->src\main\AndroidManifest.xml:9:22-73
15    <uses-permission android:name="android.permission.WRITE_EXTERNAL_STORAGE" />
15-->src\main\AndroidManifest.xml:10:5-81
15-->src\main\AndroidManifest.xml:10:22-78
16    <uses-permission android:name="android.permission.READ_EXTERNAL_STORAGE" />
16-->src\main\AndroidManifest.xml:11:5-80
16-->src\main\AndroidManifest.xml:11:22-77
17    <uses-permission android:name="android.permission.SYSTEM_ALERT_WINDOW" />
17-->src\main\AndroidManifest.xml:12:5-78
17-->src\main\AndroidManifest.xml:12:22-75
18    <uses-permission android:name="android.provider.Settings.System.SCREEN_BRIGHTNESS" />
18-->src\main\AndroidManifest.xml:13:5-90
18-->src\main\AndroidManifest.xml:13:22-87
19    <uses-permission android:name="android.permission.SCREEN_BRIGHTNESS_MODE_MANUAL" />
19-->src\main\AndroidManifest.xml:14:5-88
19-->src\main\AndroidManifest.xml:14:22-85
20    <uses-permission android:name="android.permission.SCREEN_BRIGHTNESS_MODE" />
20-->src\main\AndroidManifest.xml:15:5-81
20-->src\main\AndroidManifest.xml:15:22-78
21    <uses-permission android:name="android.permission.ACTION_MANAGE_WRITE_SETTINGS" />
21-->src\main\AndroidManifest.xml:16:5-87
21-->src\main\AndroidManifest.xml:16:22-84
22    <uses-permission android:name="android.permission.WRITE_SETTINGS" />
22-->src\main\AndroidManifest.xml:17:5-19:47
22-->src\main\AndroidManifest.xml:18:9-57
23
24    <!-- Required by older versions of Google Play services to create IID tokens -->
25    <uses-permission android:name="com.google.android.c2dm.permission.RECEIVE" />
25-->[com.google.firebase:firebase-iid:20.0.0] AndroidManifest.xml:26:5-82
25-->[com.google.firebase:firebase-iid:20.0.0] AndroidManifest.xml:26:22-79
26    <uses-permission android:name="com.google.android.finsky.permission.BIND_GET_INSTALL_REFERRER_SERVICE" />
26-->[com.google.android.gms:play-services-measurement:17.2.1] AndroidManifest.xml:26:5-110
26-->[com.google.android.gms:play-services-measurement:17.2.1] AndroidManifest.xml:26:22-107
27
28    <application
28-->src\main\AndroidManifest.xml:21:5-91:19
29        android:allowBackup="true"
29-->src\main\AndroidManifest.xml:22:9-35
30        android:appComponentFactory="androidx.core.app.CoreComponentFactory"
30-->[androidx.core:core:1.1.0] AndroidManifest.xml:24:18-86
31        android:debuggable="true"
32        android:icon="@drawable/app_icon"
32-->src\main\AndroidManifest.xml:23:9-42
33        android:label="@string/app_name"
33-->src\main\AndroidManifest.xml:24:9-41
34        android:theme="@style/AppTheme"
34-->src\main\AndroidManifest.xml:25:9-40
35        android:usesCleartextTraffic="true" >
35-->src\main\AndroidManifest.xml:26:9-44
36        <activity android:name="com.book.reading.activity.IntroductoryActivity" />
36-->src\main\AndroidManifest.xml:27:9-76
36-->src\main\AndroidManifest.xml:27:19-64
37        <activity android:name="com.book.reading.activity.OurFatherActivity" />
37-->src\main\AndroidManifest.xml:28:9-64
37-->src\main\AndroidManifest.xml:28:19-61
38        <activity android:name="com.book.reading.activity.NicenoActivity" />
38-->src\main\AndroidManifest.xml:29:9-61
38-->src\main\AndroidManifest.xml:29:19-58
39        <activity android:name="com.book.reading.activity.LiturgyActivity" />
39-->src\main\AndroidManifest.xml:30:9-62
39-->src\main\AndroidManifest.xml:30:19-59
40        <activity android:name="com.book.reading.activity.LambActivity" />
40-->src\main\AndroidManifest.xml:31:9-59
40-->src\main\AndroidManifest.xml:31:19-56
41        <activity android:name="com.book.reading.activity.HolyActivity" />
41-->src\main\AndroidManifest.xml:32:9-59
41-->src\main\AndroidManifest.xml:32:19-56
42        <activity android:name="com.book.reading.activity.GloriaActivity" />
42-->src\main\AndroidManifest.xml:33:9-61
42-->src\main\AndroidManifest.xml:33:19-58
43        <activity android:name="com.book.reading.activity.EcharistActivity" />
43-->src\main\AndroidManifest.xml:34:9-63
43-->src\main\AndroidManifest.xml:34:19-60
44        <activity android:name="com.book.reading.activity.ConfessionActivity" />
44-->src\main\AndroidManifest.xml:35:9-65
44-->src\main\AndroidManifest.xml:35:19-62
45        <activity android:name="com.book.reading.activity.ConcludingActivity" />
45-->src\main\AndroidManifest.xml:36:9-65
45-->src\main\AndroidManifest.xml:36:19-62
46        <activity android:name="com.book.reading.activity.CommunionActivity" />
46-->src\main\AndroidManifest.xml:37:9-64
46-->src\main\AndroidManifest.xml:37:19-61
47        <activity android:name="com.book.reading.activity.ApostleActivity" />
47-->src\main\AndroidManifest.xml:38:9-62
47-->src\main\AndroidManifest.xml:38:19-59
48        <activity android:name="com.book.reading.activity.OrderOfMassActivity" />
48-->src\main\AndroidManifest.xml:39:9-66
48-->src\main\AndroidManifest.xml:39:19-63
49        <activity android:name="com.book.reading.activity.ContactActivity" />
49-->src\main\AndroidManifest.xml:40:9-62
49-->src\main\AndroidManifest.xml:40:19-59
50        <activity android:name="com.book.reading.activity.IndexActivity" />
50-->src\main\AndroidManifest.xml:41:9-60
50-->src\main\AndroidManifest.xml:41:19-57
51
52        <meta-data
52-->src\main\AndroidManifest.xml:43:9-45:49
53            android:name="com.google.android.gms.ads.APPLICATION_ID"
53-->src\main\AndroidManifest.xml:44:13-69
54            android:value="@string/ad_app_id" />
54-->src\main\AndroidManifest.xml:45:13-46
55        <meta-data
55-->src\main\AndroidManifest.xml:46:9-48:71
56            android:name="com.google.firebase.messaging.default_notification_channel_id"
56-->src\main\AndroidManifest.xml:47:13-89
57            android:value="@string/default_notification_channel_id" />
57-->src\main\AndroidManifest.xml:48:13-68
58
59        <activity
59-->src\main\AndroidManifest.xml:50:9-60:20
60            android:name="com.book.reading.activity.SplashActivity"
60-->src\main\AndroidManifest.xml:51:13-52
61            android:configChanges="orientation|keyboardHidden"
61-->src\main\AndroidManifest.xml:52:13-63
62            android:label="@string/app_name"
62-->src\main\AndroidManifest.xml:53:13-45
63            android:screenOrientation="portrait" >
63-->src\main\AndroidManifest.xml:54:13-49
64            <intent-filter>
64-->src\main\AndroidManifest.xml:55:13-59:29
65                <action android:name="android.intent.action.MAIN" />
65-->src\main\AndroidManifest.xml:56:17-69
65-->src\main\AndroidManifest.xml:56:25-66
66
67                <category android:name="android.intent.category.LAUNCHER" />
67-->src\main\AndroidManifest.xml:58:17-77
67-->src\main\AndroidManifest.xml:58:27-74
68            </intent-filter>
69        </activity>
70
71        <service android:name="com.book.reading.adapter.FirebaseMessagingService" >
71-->src\main\AndroidManifest.xml:62:9-66:19
71-->src\main\AndroidManifest.xml:62:18-66
72            <intent-filter>
72-->src\main\AndroidManifest.xml:63:13-65:29
73                <action android:name="com.google.firebase.MESSAGING_EVENT" />
73-->src\main\AndroidManifest.xml:64:17-78
73-->src\main\AndroidManifest.xml:64:25-75
74            </intent-filter>
75        </service>
76
77        <activity
77-->src\main\AndroidManifest.xml:68:9-70:46
78            android:name="com.book.reading.activity.MainActivity"
78-->src\main\AndroidManifest.xml:69:13-50
79            android:launchMode="singleTop" />
79-->src\main\AndroidManifest.xml:70:13-43
80        <activity
80-->src\main\AndroidManifest.xml:71:9-74:46
81            android:name="com.book.reading.activity.ListActivity"
81-->src\main\AndroidManifest.xml:72:13-50
82            android:configChanges="keyboardHidden|orientation|screenSize"
82-->src\main\AndroidManifest.xml:73:13-74
83            android:launchMode="singleTop" />
83-->src\main\AndroidManifest.xml:74:13-43
84
85        <meta-data
85-->src\main\AndroidManifest.xml:76:9-78:56
86            android:name="android.support.UI_OPTIONS"
86-->src\main\AndroidManifest.xml:77:13-54
87            android:value="splitActionBarWhenNarrow" />
87-->src\main\AndroidManifest.xml:78:13-53
88
89        <activity
89-->src\main\AndroidManifest.xml:80:9-83:64
90            android:name="com.book.reading.activity.Brightness"
90-->src\main\AndroidManifest.xml:81:13-48
91            android:configChanges="keyboardHidden|orientation|screenSize"
91-->src\main\AndroidManifest.xml:82:13-74
92            android:theme="@android:style/Theme.Holo.Dialog" />
92-->src\main\AndroidManifest.xml:83:13-61
93        <activity
93-->src\main\AndroidManifest.xml:84:9-87:46
94            android:name="com.book.reading.activity.ReadingActivity"
94-->src\main\AndroidManifest.xml:85:13-53
95            android:configChanges="keyboardHidden|orientation|screenSize"
95-->src\main\AndroidManifest.xml:86:13-74
96            android:launchMode="singleTop" />
96-->src\main\AndroidManifest.xml:87:13-43
97        <activity android:name="com.book.reading.activity.NoteAddActivity" />
97-->src\main\AndroidManifest.xml:88:9-62
97-->src\main\AndroidManifest.xml:88:19-59
98        <activity android:name="com.book.reading.activity.NoteListActivity" />
98-->src\main\AndroidManifest.xml:89:9-63
98-->src\main\AndroidManifest.xml:89:19-60
99        <activity android:name="com.book.reading.activity.CurrentNoteActivity" />
99-->src\main\AndroidManifest.xml:90:9-66
99-->src\main\AndroidManifest.xml:90:19-63
100
101        <service
101-->[com.google.firebase:firebase-database:19.2.0] AndroidManifest.xml:29:9-35:19
102            android:name="com.google.firebase.components.ComponentDiscoveryService"
102-->[com.google.firebase:firebase-database:19.2.0] AndroidManifest.xml:30:13-84
103            android:directBootAware="true"
103-->[com.google.firebase:firebase-common:19.2.0] AndroidManifest.xml:15:13-43
104            android:exported="false" >
104-->[com.google.firebase:firebase-database:19.2.0] AndroidManifest.xml:31:13-37
105            <meta-data
105-->[com.google.firebase:firebase-database:19.2.0] AndroidManifest.xml:32:13-34:85
106                android:name="com.google.firebase.components:com.google.firebase.database.DatabaseRegistrar"
106-->[com.google.firebase:firebase-database:19.2.0] AndroidManifest.xml:33:17-109
107                android:value="com.google.firebase.components.ComponentRegistrar" />
107-->[com.google.firebase:firebase-database:19.2.0] AndroidManifest.xml:34:17-82
108            <meta-data
108-->[com.google.firebase:firebase-auth:19.1.0] AndroidManifest.xml:36:13-38:85
109                android:name="com.google.firebase.components:com.google.firebase.auth.FirebaseAuthRegistrar"
109-->[com.google.firebase:firebase-auth:19.1.0] AndroidManifest.xml:37:17-109
110                android:value="com.google.firebase.components.ComponentRegistrar" />
110-->[com.google.firebase:firebase-auth:19.1.0] AndroidManifest.xml:38:17-82
111            <meta-data
111-->[com.google.android.gms:play-services-measurement-api:17.2.1] AndroidManifest.xml:30:13-32:85
112                android:name="com.google.firebase.components:com.google.firebase.analytics.connector.internal.AnalyticsConnectorRegistrar"
112-->[com.google.android.gms:play-services-measurement-api:17.2.1] AndroidManifest.xml:31:17-139
113                android:value="com.google.firebase.components.ComponentRegistrar" />
113-->[com.google.android.gms:play-services-measurement-api:17.2.1] AndroidManifest.xml:32:17-82
114            <meta-data
114-->[com.google.firebase:firebase-iid:20.0.0] AndroidManifest.xml:32:13-34:85
115                android:name="com.google.firebase.components:com.google.firebase.iid.Registrar"
115-->[com.google.firebase:firebase-iid:20.0.0] AndroidManifest.xml:33:17-96
116                android:value="com.google.firebase.components.ComponentRegistrar" />
116-->[com.google.firebase:firebase-iid:20.0.0] AndroidManifest.xml:34:17-82
117        </service>
118        <!--
119             FirebaseMessagingService performs security checks at runtime,
120             but set to not exported to explicitly avoid allowing another app to call it.
121        -->
122        <service
122-->[com.google.firebase:firebase-messaging:20.0.0] AndroidManifest.xml:28:9-34:19
123            android:name="com.google.firebase.messaging.FirebaseMessagingService"
123-->[com.google.firebase:firebase-messaging:20.0.0] AndroidManifest.xml:29:13-82
124            android:exported="false" >
124-->[com.google.firebase:firebase-messaging:20.0.0] AndroidManifest.xml:30:13-37
125            <intent-filter android:priority="-500" >
125-->src\main\AndroidManifest.xml:63:13-65:29
126                <action android:name="com.google.firebase.MESSAGING_EVENT" />
126-->src\main\AndroidManifest.xml:64:17-78
126-->src\main\AndroidManifest.xml:64:25-75
127            </intent-filter>
128        </service>
129
130        <activity
130-->[com.google.firebase:firebase-auth:19.1.0] AndroidManifest.xml:24:9-31:50
131            android:name="com.google.firebase.auth.internal.FederatedSignInActivity"
131-->[com.google.firebase:firebase-auth:19.1.0] AndroidManifest.xml:25:13-85
132            android:excludeFromRecents="true"
132-->[com.google.firebase:firebase-auth:19.1.0] AndroidManifest.xml:26:13-46
133            android:exported="true"
133-->[com.google.firebase:firebase-auth:19.1.0] AndroidManifest.xml:27:13-36
134            android:launchMode="singleTask"
134-->[com.google.firebase:firebase-auth:19.1.0] AndroidManifest.xml:28:13-44
135            android:permission="com.google.firebase.auth.api.gms.permission.LAUNCH_FEDERATED_SIGN_IN"
135-->[com.google.firebase:firebase-auth:19.1.0] AndroidManifest.xml:29:13-102
136            android:theme="@android:style/Theme.Translucent.NoTitleBar" />
136-->[com.google.firebase:firebase-auth:19.1.0] AndroidManifest.xml:30:13-72
137
138        <receiver
138-->[com.google.firebase:firebase-iid:20.0.0] AndroidManifest.xml:37:9-44:20
139            android:name="com.google.firebase.iid.FirebaseInstanceIdReceiver"
139-->[com.google.firebase:firebase-iid:20.0.0] AndroidManifest.xml:38:13-78
140            android:exported="true"
140-->[com.google.firebase:firebase-iid:20.0.0] AndroidManifest.xml:39:13-36
141            android:permission="com.google.android.c2dm.permission.SEND" >
141-->[com.google.firebase:firebase-iid:20.0.0] AndroidManifest.xml:40:13-73
142            <intent-filter>
142-->[com.google.firebase:firebase-iid:20.0.0] AndroidManifest.xml:41:13-43:29
143                <action android:name="com.google.android.c2dm.intent.RECEIVE" />
143-->[com.google.firebase:firebase-iid:20.0.0] AndroidManifest.xml:42:17-81
143-->[com.google.firebase:firebase-iid:20.0.0] AndroidManifest.xml:42:25-78
144            </intent-filter>
145        </receiver> <!-- Include the AdActivity and InAppPurchaseActivity configChanges and themes. -->
146        <activity
146-->[com.google.android.gms:play-services-ads-lite:18.2.0] AndroidManifest.xml:29:9-33:64
147            android:name="com.google.android.gms.ads.AdActivity"
147-->[com.google.android.gms:play-services-ads-lite:18.2.0] AndroidManifest.xml:30:13-65
148            android:configChanges="keyboard|keyboardHidden|orientation|screenLayout|uiMode|screenSize|smallestScreenSize"
148-->[com.google.android.gms:play-services-ads-lite:18.2.0] AndroidManifest.xml:31:13-122
149            android:exported="false"
149-->[com.google.android.gms:play-services-ads-lite:18.2.0] AndroidManifest.xml:32:13-37
150            android:theme="@android:style/Theme.Translucent" />
150-->[com.google.android.gms:play-services-ads-lite:18.2.0] AndroidManifest.xml:33:13-61
151
152        <provider
152-->[com.google.android.gms:play-services-ads-lite:18.2.0] AndroidManifest.xml:35:9-39:39
153            android:name="com.google.android.gms.ads.MobileAdsInitProvider"
153-->[com.google.android.gms:play-services-ads-lite:18.2.0] AndroidManifest.xml:36:13-76
154            android:authorities="com.book.reading.mobileadsinitprovider"
154-->[com.google.android.gms:play-services-ads-lite:18.2.0] AndroidManifest.xml:37:13-73
155            android:exported="false"
155-->[com.google.android.gms:play-services-ads-lite:18.2.0] AndroidManifest.xml:38:13-37
156            android:initOrder="100" />
156-->[com.google.android.gms:play-services-ads-lite:18.2.0] AndroidManifest.xml:39:13-36
157
158        <receiver
158-->[com.google.android.gms:play-services-measurement:17.2.1] AndroidManifest.xml:29:9-33:20
159            android:name="com.google.android.gms.measurement.AppMeasurementReceiver"
159-->[com.google.android.gms:play-services-measurement:17.2.1] AndroidManifest.xml:30:13-85
160            android:enabled="true"
160-->[com.google.android.gms:play-services-measurement:17.2.1] AndroidManifest.xml:31:13-35
161            android:exported="false" >
161-->[com.google.android.gms:play-services-measurement:17.2.1] AndroidManifest.xml:32:13-37
162        </receiver>
163        <receiver
163-->[com.google.android.gms:play-services-measurement:17.2.1] AndroidManifest.xml:34:9-42:20
164            android:name="com.google.android.gms.measurement.AppMeasurementInstallReferrerReceiver"
164-->[com.google.android.gms:play-services-measurement:17.2.1] AndroidManifest.xml:35:13-100
165            android:enabled="true"
165-->[com.google.android.gms:play-services-measurement:17.2.1] AndroidManifest.xml:36:13-35
166            android:exported="true"
166-->[com.google.android.gms:play-services-measurement:17.2.1] AndroidManifest.xml:37:13-36
167            android:permission="android.permission.INSTALL_PACKAGES" >
167-->[com.google.android.gms:play-services-measurement:17.2.1] AndroidManifest.xml:38:13-69
168            <intent-filter>
168-->[com.google.android.gms:play-services-measurement:17.2.1] AndroidManifest.xml:39:13-41:29
169                <action android:name="com.android.vending.INSTALL_REFERRER" />
169-->[com.google.android.gms:play-services-measurement:17.2.1] AndroidManifest.xml:40:17-79
169-->[com.google.android.gms:play-services-measurement:17.2.1] AndroidManifest.xml:40:25-76
170            </intent-filter>
171        </receiver>
172
173        <service
173-->[com.google.android.gms:play-services-measurement:17.2.1] AndroidManifest.xml:44:9-47:40
174            android:name="com.google.android.gms.measurement.AppMeasurementService"
174-->[com.google.android.gms:play-services-measurement:17.2.1] AndroidManifest.xml:45:13-84
175            android:enabled="true"
175-->[com.google.android.gms:play-services-measurement:17.2.1] AndroidManifest.xml:46:13-35
176            android:exported="false" />
176-->[com.google.android.gms:play-services-measurement:17.2.1] AndroidManifest.xml:47:13-37
177        <service
177-->[com.google.android.gms:play-services-measurement:17.2.1] AndroidManifest.xml:48:9-52:72
178            android:name="com.google.android.gms.measurement.AppMeasurementJobService"
178-->[com.google.android.gms:play-services-measurement:17.2.1] AndroidManifest.xml:49:13-87
179            android:enabled="true"
179-->[com.google.android.gms:play-services-measurement:17.2.1] AndroidManifest.xml:50:13-35
180            android:exported="false"
180-->[com.google.android.gms:play-services-measurement:17.2.1] AndroidManifest.xml:51:13-37
181            android:permission="android.permission.BIND_JOB_SERVICE" />
181-->[com.google.android.gms:play-services-measurement:17.2.1] AndroidManifest.xml:52:13-69
182
183        <provider
183-->[com.google.firebase:firebase-common:19.2.0] AndroidManifest.xml:19:9-23:39
184            android:name="com.google.firebase.provider.FirebaseInitProvider"
184-->[com.google.firebase:firebase-common:19.2.0] AndroidManifest.xml:20:13-77
185            android:authorities="com.book.reading.firebaseinitprovider"
185-->[com.google.firebase:firebase-common:19.2.0] AndroidManifest.xml:21:13-72
186            android:exported="false"
186-->[com.google.firebase:firebase-common:19.2.0] AndroidManifest.xml:22:13-37
187            android:initOrder="100" />
187-->[com.google.firebase:firebase-common:19.2.0] AndroidManifest.xml:23:13-36
188
189        <activity
189-->[com.google.android.gms:play-services-base:17.1.0] AndroidManifest.xml:23:9-26:75
190            android:name="com.google.android.gms.common.api.GoogleApiActivity"
190-->[com.google.android.gms:play-services-base:17.1.0] AndroidManifest.xml:24:13-79
191            android:exported="false"
191-->[com.google.android.gms:play-services-base:17.1.0] AndroidManifest.xml:25:13-37
192            android:theme="@android:style/Theme.Translucent.NoTitleBar" />
192-->[com.google.android.gms:play-services-base:17.1.0] AndroidManifest.xml:26:13-72
193
194        <meta-data
194-->[com.google.android.gms:play-services-basement:17.0.0] AndroidManifest.xml:23:9-25:69
195            android:name="com.google.android.gms.version"
195-->[com.google.android.gms:play-services-basement:17.0.0] AndroidManifest.xml:24:13-58
196            android:value="@integer/google_play_services_version" />
196-->[com.google.android.gms:play-services-basement:17.0.0] AndroidManifest.xml:25:13-66
197    </application>
198
199</manifest>